<!DOCTYPE html PUBLIC "-//W3C//DTD XHTML 1.1//EN" "http://www.w3.org/TR/xhtml11/DTD/xhtml11.dtd">
<html xmlns="http://www.w3.org/1999/xhtml"><head><title>TestNG Report</title><style type="text/css">table {margin-bottom:10px;border-collapse:collapse;empty-cells:show}th,td {border:1px solid #009;padding:.25em .5em}th {vertical-align:bottom}td {vertical-align:top}table a {font-weight:bold}.stripe td {background-color: #E6EBF9}.num {text-align:right}.passedodd td {background-color: #3F3}.passedeven td {background-color: #0A0}.skippedodd td {background-color: #DDD}.skippedeven td {background-color: #CCC}.failedodd td,.attn {background-color: #F33}.failedeven td,.stripe .attn {background-color: #D00}.stacktrace {white-space:pre;font-family:monospace}.totop {font-size:85%;text-align:center;border-bottom:2px solid #000}</style></head><body><table><tr><th>Test</th><th># Passed</th><th># Skipped</th><th># Failed</th><th>Time (ms)</th><th>Included Groups</th><th>Excluded Groups</th></tr><tr><th colspan="7">PenTestSuite</th></tr><tr><td><a href="#t0">Pen Color Test</a></td><td class="num">0</td><td class="num">0</td><td class="num attn">1</td><td class="num">78</td><td></td><td></td></tr><tr class="stripe"><td><a href="#t1">Writing Test when container is empty</a></td><td class="num">0</td><td class="num">0</td><td class="num attn">1</td><td class="num">0</td><td></td><td></td></tr><tr><td><a href="#t2">Writing Test when container value is less 0</a></td><td class="num">0</td><td class="num">0</td><td class="num attn">1</td><td class="num">0</td><td></td><td></td></tr><tr class="stripe"><td><a href="#t3">Writing Test when container value is not enough</a></td><td class="num">0</td><td class="num">0</td><td class="num attn">1</td><td class="num">0</td><td></td><td></td></tr><tr><th>Total</th><th class="num">0</th><th class="num">0</th><th class="num attn">4</th><th class="num">78</th><th colspan="2"></th></tr></table><table><thead><tr><th>Class</th><th>Method</th><th>Start</th><th>Time (ms)</th></tr></thead><tbody><tr><th colspan="4">PenTestSuite</th></tr></tbody><tbody id="t0"><tr><th colspan="4">Pen Color Test &#8212; failed</th></tr><tr class="failedeven"><td rowspan="1">ban_home.PenColorTest</td><td><a href="#m0">test</a></td><td rowspan="1">1465557500687</td><td rowspan="1">31</td></tr></tbody><tbody id="t1"><tr><th colspan="4">Writing Test when container is empty &#8212; failed</th></tr><tr class="failedeven"><td rowspan="1">ban_home.PenWritingTest</td><td><a href="#m1">test</a></td><td rowspan="1">1465557500796</td><td rowspan="1">0</td></tr></tbody><tbody id="t2"><tr><th colspan="4">Writing Test when container value is less 0 &#8212; failed</th></tr><tr class="failedeven"><td rowspan="1">ban_home.PenWritingTest</td><td><a href="#m2">test</a></td><td rowspan="1">1465557500828</td><td rowspan="1">0</td></tr></tbody><tbody id="t3"><tr><th colspan="4">Writing Test when container value is not enough &#8212; failed</th></tr><tr class="failedeven"><td rowspan="1">ban_home.PenWritingTest</td><td><a href="#m3">test</a></td><td rowspan="1">1465557500843</td><td rowspan="1">0</td></tr></tbody></table><h2>Pen Color Test</h2><h3 id="m0">ban_home.PenColorTest#test</h3><table class="result"><tr><th>Exception</th></tr><tr><td><div class="stacktrace">java.lang.AssertionError: expected [null] but found [BLUE]
	at ban_home.PenColorTest.test(PenColorTest.java:17)
... Removed 33 stack frames</div></td></tr></table><p class="totop"><a href="#summary">back to summary</a></p><h2>Writing Test when container is empty</h2><h3 id="m1">ban_home.PenWritingTest#test</h3><table class="result"><tr><th>Exception</th></tr><tr><td><div class="stacktrace">java.lang.AssertionError: expected [null] but found []
	at ban_home.PenWritingTest.test(PenWritingTest.java:17)
... Removed 33 stack frames</div></td></tr></table><p class="totop"><a href="#summary">back to summary</a></p><h2>Writing Test when container value is less 0</h2><h3 id="m2">ban_home.PenWritingTest#test</h3><table class="result"><tr><th>Exception</th></tr><tr><td><div class="stacktrace">java.lang.AssertionError: expected [null] but found []
	at ban_home.PenWritingTest.test(PenWritingTest.java:17)
... Removed 33 stack frames</div></td></tr></table><p class="totop"><a href="#summary">back to summary</a></p><h2>Writing Test when container value is not enough</h2><h3 id="m3">ban_home.PenWritingTest#test</h3><table class="result"><tr><th>Exception</th></tr><tr><td><div class="stacktrace">java.lang.AssertionError: expected [null] but found []
	at ban_home.PenWritingTest.test(PenWritingTest.java:17)
... Removed 33 stack frames</div></td></tr></table><p class="totop"><a href="#summary">back to summary</a></p></body></html>